[debug] [2021-12-23T21:52:42.899Z] ----------------------------------------------------------------------
[debug] [2021-12-23T21:52:42.903Z] Command:       C:\Program Files\nodejs\node.exe C:\Users\jfehe\Documents\COMP 484\comp484-calendar\node_modules\firebase-tools\lib\bin\firebase.js deploy
[debug] [2021-12-23T21:52:42.904Z] CLI Version:   9.23.3
[debug] [2021-12-23T21:52:42.904Z] Platform:      win32
[debug] [2021-12-23T21:52:42.904Z] Node Version:  v16.13.0
[debug] [2021-12-23T21:52:42.907Z] Time:          Thu Dec 23 2021 13:52:42 GMT-0800 (Pacific Standard Time)
[debug] [2021-12-23T21:52:42.907Z] ----------------------------------------------------------------------
[debug] 
[debug] [2021-12-23T21:52:42.912Z] >>> [apiv2][query] GET https://firebase-public.firebaseio.com/cli.json [none]
[debug] [2021-12-23T21:52:43.034Z] > command requires scopes: ["email","openid","https://www.googleapis.com/auth/cloudplatformprojects.readonly","https://www.googleapis.com/auth/firebase","https://www.googleapis.com/auth/cloud-platform"]
[debug] [2021-12-23T21:52:43.035Z] > authorizing via signed-in user (jfeher02@gmail.com)
[debug] [2021-12-23T21:52:43.036Z] [iam] checking project calendarapp-2d231 for permissions ["firebase.projects.get","firebasehosting.sites.update"]
[debug] [2021-12-23T21:52:43.039Z] > refreshing access token with scopes: ["email","https://www.googleapis.com/auth/cloud-platform","https://www.googleapis.com/auth/cloudplatformprojects.readonly","https://www.googleapis.com/auth/firebase","openid"]
[debug] [2021-12-23T21:52:43.040Z] >>> HTTP REQUEST POST https://www.googleapis.com/oauth2/v3/token  
 <request body omitted>
[debug] [2021-12-23T21:52:43.181Z] <<< HTTP RESPONSE 200 {"expires":"Mon, 01 Jan 1990 00:00:00 GMT","cache-control":"no-cache, no-store, max-age=0, must-revalidate","pragma":"no-cache","date":"Thu, 23 Dec 2021 21:52:42 GMT","content-type":"application/json; charset=utf-8","vary":"X-Origin, Referer, Origin,Accept-Encoding","server":"scaffolding on HTTPServer2","x-xss-protection":"0","x-frame-options":"SAMEORIGIN","x-content-type-options":"nosniff","alt-svc":"h3=\":443\"; ma=2592000,h3-29=\":443\"; ma=2592000,h3-Q050=\":443\"; ma=2592000,h3-Q046=\":443\"; ma=2592000,h3-Q043=\":443\"; ma=2592000,quic=\":443\"; ma=2592000; v=\"46,43\"","accept-ranges":"none","transfer-encoding":"chunked"}
[debug] [2021-12-23T21:52:43.192Z] >>> HTTP REQUEST POST https://cloudresourcemanager.googleapis.com/v1/projects/calendarapp-2d231:testIamPermissions  
 {"permissions":["firebase.projects.get","firebasehosting.sites.update"]}
[debug] [2021-12-23T21:52:43.307Z] <<< [apiv2][status] GET https://firebase-public.firebaseio.com/cli.json 200
[debug] [2021-12-23T21:52:43.308Z] <<< [apiv2][body] GET https://firebase-public.firebaseio.com/cli.json {"cloudBuildErrorAfter":1594252800000,"cloudBuildWarnAfter":1590019200000,"defaultNode10After":1594252800000,"minVersion":"3.0.5","node8DeploysDisabledAfter":1613390400000,"node8RuntimeDisabledAfter":1615809600000,"node8WarnAfter":1600128000000}
[debug] [2021-12-23T21:52:43.479Z] <<< HTTP RESPONSE 200 {"content-type":"application/json; charset=UTF-8","vary":"X-Origin, Referer, Origin,Accept-Encoding","date":"Thu, 23 Dec 2021 21:52:42 GMT","server":"ESF","cache-control":"private","x-xss-protection":"0","x-frame-options":"SAMEORIGIN","x-content-type-options":"nosniff","server-timing":"gfet4t7; dur=183","alt-svc":"h3=\":443\"; ma=2592000,h3-29=\":443\"; ma=2592000,h3-Q050=\":443\"; ma=2592000,h3-Q046=\":443\"; ma=2592000,h3-Q043=\":443\"; ma=2592000,quic=\":443\"; ma=2592000; v=\"46,43\"","accept-ranges":"none","transfer-encoding":"chunked"}
[debug] [2021-12-23T21:52:43.481Z] > refreshing access token with scopes: []
[debug] [2021-12-23T21:52:43.482Z] >>> HTTP REQUEST POST https://www.googleapis.com/oauth2/v3/token  
 <request body omitted>
[debug] [2021-12-23T21:52:43.665Z] <<< HTTP RESPONSE 200 {"date":"Thu, 23 Dec 2021 21:52:42 GMT","cache-control":"no-cache, no-store, max-age=0, must-revalidate","expires":"Mon, 01 Jan 1990 00:00:00 GMT","pragma":"no-cache","content-type":"application/json; charset=utf-8","vary":"X-Origin, Referer, Origin,Accept-Encoding","server":"scaffolding on HTTPServer2","x-xss-protection":"0","x-frame-options":"SAMEORIGIN","x-content-type-options":"nosniff","alt-svc":"h3=\":443\"; ma=2592000,h3-29=\":443\"; ma=2592000,h3-Q050=\":443\"; ma=2592000,h3-Q046=\":443\"; ma=2592000,h3-Q043=\":443\"; ma=2592000,quic=\":443\"; ma=2592000; v=\"46,43\"","accept-ranges":"none","transfer-encoding":"chunked"}
[debug] [2021-12-23T21:52:43.678Z] >>> [apiv2][query] GET https://firebase.googleapis.com/v1beta1/projects/calendarapp-2d231 [none]
[debug] [2021-12-23T21:52:43.900Z] <<< [apiv2][status] GET https://firebase.googleapis.com/v1beta1/projects/calendarapp-2d231 200
[debug] [2021-12-23T21:52:43.901Z] <<< [apiv2][body] GET https://firebase.googleapis.com/v1beta1/projects/calendarapp-2d231 {"projectId":"calendarapp-2d231","projectNumber":"602352960714","displayName":"CalendarApp","name":"projects/calendarapp-2d231","resources":{"hostingSite":"calendarapp-2d231","storageBucket":"calendarapp-2d231.appspot.com","locationId":"us-west2"},"state":"ACTIVE"}
[info] 
[info] === Deploying to 'calendarapp-2d231'...
[info] 
[info] i  deploying hosting 
[debug] [2021-12-23T21:52:43.908Z] > refreshing access token with scopes: ["email","https://www.googleapis.com/auth/cloud-platform","https://www.googleapis.com/auth/cloudplatformprojects.readonly","https://www.googleapis.com/auth/firebase","openid"]
[debug] [2021-12-23T21:52:43.908Z] >>> HTTP REQUEST POST https://www.googleapis.com/oauth2/v3/token  
 <request body omitted>
[debug] [2021-12-23T21:52:44.043Z] <<< HTTP RESPONSE 200 {"expires":"Mon, 01 Jan 1990 00:00:00 GMT","date":"Thu, 23 Dec 2021 21:52:42 GMT","cache-control":"no-cache, no-store, max-age=0, must-revalidate","pragma":"no-cache","content-type":"application/json; charset=utf-8","vary":"X-Origin, Referer, Origin,Accept-Encoding","server":"scaffolding on HTTPServer2","x-xss-protection":"0","x-frame-options":"SAMEORIGIN","x-content-type-options":"nosniff","alt-svc":"h3=\":443\"; ma=2592000,h3-29=\":443\"; ma=2592000,h3-Q050=\":443\"; ma=2592000,h3-Q046=\":443\"; ma=2592000,h3-Q043=\":443\"; ma=2592000,quic=\":443\"; ma=2592000; v=\"46,43\"","accept-ranges":"none","transfer-encoding":"chunked"}
[debug] [2021-12-23T21:52:44.053Z] >>> HTTP REQUEST POST https://firebasehosting.googleapis.com/v1beta1/sites/calendarapp-2d231/versions  
 {"config":{"rewrites":[{"glob":"**","path":"/index.html"}]},"labels":{"deployment-tool":"cli-firebase"}}
[debug] [2021-12-23T21:52:44.773Z] <<< HTTP RESPONSE 200 {"content-type":"application/json; charset=UTF-8","vary":"X-Origin, Referer, Origin,Accept-Encoding","date":"Thu, 23 Dec 2021 21:52:43 GMT","server":"ESF","cache-control":"private","x-xss-protection":"0","x-frame-options":"SAMEORIGIN","x-content-type-options":"nosniff","alt-svc":"h3=\":443\"; ma=2592000,h3-29=\":443\"; ma=2592000,h3-Q050=\":443\"; ma=2592000,h3-Q046=\":443\"; ma=2592000,h3-Q043=\":443\"; ma=2592000,quic=\":443\"; ma=2592000; v=\"46,43\"","accept-ranges":"none","transfer-encoding":"chunked"}
[info] i  hosting[calendarapp-2d231]: beginning deploy... 
[info] i  hosting[calendarapp-2d231]: found 16 files in dist 
[debug] [2021-12-23T21:52:45.898Z] > refreshing access token with scopes: []
[debug] [2021-12-23T21:52:45.899Z] >>> HTTP REQUEST POST https://www.googleapis.com/oauth2/v3/token  
 <request body omitted>
[debug] [2021-12-23T21:52:45.901Z] [hosting] hash cache [ZGlzdA] stored for 16 files
[debug] [2021-12-23T21:52:45.901Z] [hosting][hash queue][FINAL] {"max":1092,"min":15,"avg":108.3125,"active":0,"complete":16,"success":16,"errored":0,"retried":0,"total":16,"elapsed":1103}
[debug] [2021-12-23T21:52:46.108Z] <<< HTTP RESPONSE 200 {"expires":"Mon, 01 Jan 1990 00:00:00 GMT","pragma":"no-cache","date":"Thu, 23 Dec 2021 21:52:45 GMT","cache-control":"no-cache, no-store, max-age=0, must-revalidate","content-type":"application/json; charset=utf-8","vary":"X-Origin, Referer, Origin,Accept-Encoding","server":"scaffolding on HTTPServer2","x-xss-protection":"0","x-frame-options":"SAMEORIGIN","x-content-type-options":"nosniff","alt-svc":"h3=\":443\"; ma=2592000,h3-29=\":443\"; ma=2592000,h3-Q050=\":443\"; ma=2592000,h3-Q046=\":443\"; ma=2592000,h3-Q043=\":443\"; ma=2592000,quic=\":443\"; ma=2592000; v=\"46,43\"","accept-ranges":"none","transfer-encoding":"chunked"}
[debug] [2021-12-23T21:52:46.118Z] >>> [apiv2][query] POST https://firebasehosting.googleapis.com/v1beta1/sites/calendarapp-2d231/versions/42b08b92176f2d52:populateFiles [none]
[debug] [2021-12-23T21:52:46.118Z] >>> [apiv2][body] POST https://firebasehosting.googleapis.com/v1beta1/sites/calendarapp-2d231/versions/42b08b92176f2d52:populateFiles {"files":{"/index.html":"7636a7021ffb3bff6adbbc087f475571ee2fef25b750d60d5ca99dc9200bbe5e","/css/app.e0a8de45.css":"312158015cce5cf8e00be8020f9d3014763cb752a25119938b45755ca4a3d576","/favicon.ico":"d5451f0f0f0bcbcd433bbdf4f6e7e5d89d8ecce2650649e969ccb5e5cd499ab2","/css/chunk-679d975e.47ce5f5b.css":"a54536af8c01fa0126cb3bc3308359d8c1720eaebea1250f6f044896bc70b94e","/css/chunk-cb9f868a.663d69a6.css":"506f996d980eb61cf6a872671d59c6ee6d8f6e1e005b197c2f437264621e58b1","/js/app.d93da8e7.js":"d713f28c2ce58ae531301a7c7255527a6cf811e4ed50518bbb4b85956da65c9f","/js/chunk-679d975e.7720b6c2.js":"67c04962c0573bed28c27bc6f1f5d2906c30759493f76a3a12572e6c200c83ca","/css/chunk-114f306c.5d577e85.css":"915273ca3483fa503da33c6d0d5f8c72308be6f4aaf96b92f0d2c49c1dfc5c7c","/js/chunk-679d975e.7720b6c2.js.map":"d5e72430b1b2b9576fa5d8ef88b0f018be37dcdbdac44615165f4f9ed557272f","/js/app.d93da8e7.js.map":"d351bf11451d9ec16725bc171b52c3c0a5d929efecc11c1a7411b3f3a0372bd7","/js/chunk-cb9f868a.40f87aa2.js":"afeae74ae1526f2464290bee3cb9ecc10a74fbf0280e04105e4c878492eb5c9f","/js/chunk-cb9f868a.40f87aa2.js.map":"99a0b03cf1f7979346f621a9d6c72376fd09709c789b852281fbcf19f920d5d9","/js/chunk-114f306c.050b1f1e.js":"c76b29b11375625d736b4fa865ca3edc824f4cf9d2828e84066562507d7071e4","/js/chunk-vendors.85af2f04.js":"0fa4f5c38577b630d2c25b741a9aa4536d817ed392b62550b2c6a843111d1267","/js/chunk-114f306c.050b1f1e.js.map":"8de8d193db5584b1f5f4e817f09784b029158c70d2a775ff168a2544d079fef5","/js/chunk-vendors.85af2f04.js.map":"ab86c7ca13d2a7133db01685bf8d4a77d894c8f15bd2efe95b1806db586ab1af"}}
